<?xml version="1.0" encoding="UTF-8"?>
<testsuite xmlns:xsi="http://www.w3.org/2001/XMLSchema-instance" xsi:noNamespaceSchemaLocation="https://maven.apache.org/surefire/maven-surefire-plugin/xsd/surefire-test-report-3.0.xsd" version="3.0" name="com.testtp3.TestIntegration" time="0.162" tests="1" errors="0" skipped="0" failures="0">
  <properties>
    <property name="java.specification.version" value="17"/>
    <property name="sun.cpu.isalist" value="amd64"/>
    <property name="sun.jnu.encoding" value="Cp1252"/>
    <property name="java.class.path" value="C:\Users\younes-zhari\Desktop\Genie-Logiciel\TEST ET VALIDATION\Desktop\tp3\target\test-classes;C:\Users\younes-zhari\Desktop\Genie-Logiciel\TEST ET VALIDATION\Desktop\tp3\target\classes;C:\Users\younes-zhari\.m2\repository\org\junit\jupiter\junit-jupiter\5.10.0\junit-jupiter-5.10.0.jar;C:\Users\younes-zhari\.m2\repository\org\junit\jupiter\junit-jupiter-api\5.10.0\junit-jupiter-api-5.10.0.jar;C:\Users\younes-zhari\.m2\repository\org\opentest4j\opentest4j\1.3.0\opentest4j-1.3.0.jar;C:\Users\younes-zhari\.m2\repository\org\junit\platform\junit-platform-commons\1.10.0\junit-platform-commons-1.10.0.jar;C:\Users\younes-zhari\.m2\repository\org\apiguardian\apiguardian-api\1.1.2\apiguardian-api-1.1.2.jar;C:\Users\younes-zhari\.m2\repository\org\junit\jupiter\junit-jupiter-params\5.10.0\junit-jupiter-params-5.10.0.jar;C:\Users\younes-zhari\.m2\repository\org\junit\jupiter\junit-jupiter-engine\5.10.0\junit-jupiter-engine-5.10.0.jar;C:\Users\younes-zhari\.m2\repository\org\junit\platform\junit-platform-engine\1.10.0\junit-platform-engine-1.10.0.jar;C:\Users\younes-zhari\.m2\repository\junit\junit\4.13.2\junit-4.13.2.jar;C:\Users\younes-zhari\.m2\repository\org\hamcrest\hamcrest-core\1.3\hamcrest-core-1.3.jar;"/>
    <property name="java.vm.vendor" value="Oracle Corporation"/>
    <property name="sun.arch.data.model" value="64"/>
    <property name="user.variant" value=""/>
    <property name="java.vendor.url" value="https://java.oracle.com/"/>
    <property name="user.timezone" value="Africa/Casablanca"/>
    <property name="os.name" value="Windows 10"/>
    <property name="java.vm.specification.version" value="17"/>
    <property name="sun.java.launcher" value="SUN_STANDARD"/>
    <property name="user.country" value="US"/>
    <property name="sun.boot.library.path" value="C:\Program Files\Java\jdk-17\bin"/>
    <property name="sun.java.command" value="C:\Users\younes-zhari\AppData\Local\Temp\surefire11059980980293298156\surefirebooter-20250425100221578_3.jar C:\Users\younes-zhari\AppData\Local\Temp\surefire11059980980293298156 2025-04-25T10-02-19_015-jvmRun1 surefire-20250425100221578_1tmp surefire_0-20250425100221578_2tmp"/>
    <property name="jdk.debug" value="release"/>
    <property name="surefire.test.class.path" value="C:\Users\younes-zhari\Desktop\Genie-Logiciel\TEST ET VALIDATION\Desktop\tp3\target\test-classes;C:\Users\younes-zhari\Desktop\Genie-Logiciel\TEST ET VALIDATION\Desktop\tp3\target\classes;C:\Users\younes-zhari\.m2\repository\org\junit\jupiter\junit-jupiter\5.10.0\junit-jupiter-5.10.0.jar;C:\Users\younes-zhari\.m2\repository\org\junit\jupiter\junit-jupiter-api\5.10.0\junit-jupiter-api-5.10.0.jar;C:\Users\younes-zhari\.m2\repository\org\opentest4j\opentest4j\1.3.0\opentest4j-1.3.0.jar;C:\Users\younes-zhari\.m2\repository\org\junit\platform\junit-platform-commons\1.10.0\junit-platform-commons-1.10.0.jar;C:\Users\younes-zhari\.m2\repository\org\apiguardian\apiguardian-api\1.1.2\apiguardian-api-1.1.2.jar;C:\Users\younes-zhari\.m2\repository\org\junit\jupiter\junit-jupiter-params\5.10.0\junit-jupiter-params-5.10.0.jar;C:\Users\younes-zhari\.m2\repository\org\junit\jupiter\junit-jupiter-engine\5.10.0\junit-jupiter-engine-5.10.0.jar;C:\Users\younes-zhari\.m2\repository\org\junit\platform\junit-platform-engine\1.10.0\junit-platform-engine-1.10.0.jar;C:\Users\younes-zhari\.m2\repository\junit\junit\4.13.2\junit-4.13.2.jar;C:\Users\younes-zhari\.m2\repository\org\hamcrest\hamcrest-core\1.3\hamcrest-core-1.3.jar;"/>
    <property name="sun.cpu.endian" value="little"/>
    <property name="user.home" value="C:\Users\younes-zhari"/>
    <property name="user.language" value="en"/>
    <property name="java.specification.vendor" value="Oracle Corporation"/>
    <property name="java.version.date" value="2024-01-16"/>
    <property name="java.home" value="C:\Program Files\Java\jdk-17"/>
    <property name="file.separator" value="\"/>
    <property name="basedir" value="C:\Users\younes-zhari\Desktop\Genie-Logiciel\TEST ET VALIDATION\Desktop\tp3"/>
    <property name="java.vm.compressedOopsMode" value="32-bit"/>
    <property name="line.separator" value="&#10;"/>
    <property name="java.vm.specification.vendor" value="Oracle Corporation"/>
    <property name="java.specification.name" value="Java Platform API Specification"/>
    <property name="surefire.real.class.path" value="C:\Users\younes-zhari\AppData\Local\Temp\surefire11059980980293298156\surefirebooter-20250425100221578_3.jar"/>
    <property name="user.script" value=""/>
    <property name="sun.management.compiler" value="HotSpot 64-Bit Tiered Compilers"/>
    <property name="java.runtime.version" value="17.0.10+11-LTS-240"/>
    <property name="user.name" value="younes-zhari"/>
    <property name="path.separator" value=";"/>
    <property name="os.version" value="10.0"/>
    <property name="java.runtime.name" value="Java(TM) SE Runtime Environment"/>
    <property name="file.encoding" value="Cp1252"/>
    <property name="java.vm.name" value="Java HotSpot(TM) 64-Bit Server VM"/>
    <property name="localRepository" value="C:\Users\younes-zhari\.m2\repository"/>
    <property name="java.vendor.url.bug" value="https://bugreport.java.com/bugreport/"/>
    <property name="java.io.tmpdir" value="C:\Users\YOUNES~1\AppData\Local\Temp\"/>
    <property name="java.version" value="17.0.10"/>
    <property name="user.dir" value="C:\Users\younes-zhari\Desktop\Genie-Logiciel\TEST ET VALIDATION\Desktop\tp3"/>
    <property name="os.arch" value="amd64"/>
    <property name="java.vm.specification.name" value="Java Virtual Machine Specification"/>
    <property name="sun.os.patch.level" value=""/>
    <property name="native.encoding" value="Cp1252"/>
    <property name="java.library.path" value="C:\Program Files\Java\jdk-17\bin;C:\Windows\Sun\Java\bin;C:\Windows\system32;C:\Windows;C:\xampp\php;C:\app\younes-zhari\product\23ai\dbhomeFree\bin;C:\Program Files\Java\jdk-17\bin;C:\Program Files\Java\jdk-23\bin;C:\Program Files\Common Files\Oracle\Java\javapath;C:\Windows\system32;C:\Windows;C:\Windows\System32\Wbem;C:\Windows\System32\WindowsPowerShell\v1.0\;C:\Windows\System32\OpenSSH\;C:\Program Files\MongoDB\Server\7.0;C:\Program Files\MongoDB\mongosh;C:\Program Files\MongoDB\Tools\100\bin;C:\Users\For Studies\AppData\Local\Programs\Python\Python312;C:\xampp\php;C:\ProgramData\ComposerSetup\bin;C:\Users\For Studies\Downloads\Sonar\sonar-scanner-cli-5.0.1.3006-windows\sonar-scanner-5.0.1.3006-windows\bin;C:\Users\For Studies\Downloads\Sonar\sonarqube-10.3.0.82913\sonarqube-10.3.0.82913\bin\windows-x86-64;C:\Users\younes-zhari\AppData\Roaming\Composer\vendor\bin;C:\Users\younes-zhari\Downloads\x86_64-8.1.0-release-posix-seh-rt_v6-rev0\mingw64\bin;C:\Program Files\nodejs\;C:\Program Files\Apache\apache-maven-3.9.9\bin;C:\Program Files\Git\cmd;;C:\Users\younes-zhari\.config\herd\bin\nvm;C:\Program Files\nodejs;C:\Users\younes-zhari\.config\herd\bin;C:\Users\younes-zhari\AppData\Local\Microsoft\WindowsApps;C:\Users\younes-zhari\AppData\Local\Programs\Microsoft VS Code\bin;C:\Users\younes-zhari\AppData\Local\Programs\Git\cmd;C:\Program Files\JetBrains\PhpStorm 2024.1\bin;;C:\Program Files\JetBrains\WebStorm 2024.1.1\bin;;C:\Users\younes-zhari\AppData\Local\Programs\mongosh\;C:\Program Files\JetBrains\DataGrip 2024.1.2\bin;;C:\Users\younes-zhari\AppData\Roaming\npm;C:\Program Files\JetBrains\IntelliJ IDEA 2024.3\bin;;C:\Users\younes-zhari\AppData\Local\Programs\Ollama;C:\Users\younes-zhari\AppData\Local\Programs\Azure Data Studio\bin;."/>
    <property name="java.vm.info" value="mixed mode, sharing"/>
    <property name="java.vendor" value="Oracle Corporation"/>
    <property name="java.vm.version" value="17.0.10+11-LTS-240"/>
    <property name="sun.io.unicode.encoding" value="UnicodeLittle"/>
    <property name="java.class.version" value="61.0"/>
  </properties>
  <testcase name="testInscriptionEtudiant" classname="com.testtp3.TestIntegration" time="0.09"/>
</testsuite>